c:\users\legion\desktop\ceph\algorithm\score\project1\x64\debug\vc143.pdb
c:\users\legion\desktop\ceph\algorithm\score\project1\x64\debug\vc143.idb
c:\users\legion\desktop\ceph\algorithm\score\project1\x64\debug\arc.obj
c:\users\legion\desktop\ceph\algorithm\score\project1\x64\debug\score.obj
c:\users\legion\desktop\ceph\algorithm\score\project1\x64\debug\main.obj
c:\users\legion\desktop\ceph\algorithm\score\project1\x64\debug\lru.obj
c:\users\legion\desktop\ceph\algorithm\score\project1\x64\debug\score.pdb
c:\users\legion\desktop\ceph\algorithm\score\project1\x64\debug\score.tlog\cl.command.1.tlog
c:\users\legion\desktop\ceph\algorithm\score\project1\x64\debug\score.tlog\cl.read.1.tlog
c:\users\legion\desktop\ceph\algorithm\score\project1\x64\debug\score.tlog\cl.write.1.tlog
c:\users\legion\desktop\ceph\algorithm\score\project1\x64\debug\score.tlog\link-cvtres.read.1.tlog
c:\users\legion\desktop\ceph\algorithm\score\project1\x64\debug\score.tlog\link-cvtres.write.1.tlog
c:\users\legion\desktop\ceph\algorithm\score\project1\x64\debug\score.tlog\link-rc.read.1.tlog
c:\users\legion\desktop\ceph\algorithm\score\project1\x64\debug\score.tlog\link-rc.write.1.tlog
c:\users\legion\desktop\ceph\algorithm\score\project1\x64\debug\score.tlog\link.command.1.tlog
c:\users\legion\desktop\ceph\algorithm\score\project1\x64\debug\score.tlog\link.read.1.tlog
c:\users\legion\desktop\ceph\algorithm\score\project1\x64\debug\score.tlog\link.read.2.tlog
c:\users\legion\desktop\ceph\algorithm\score\project1\x64\debug\score.tlog\link.read.3.tlog
c:\users\legion\desktop\ceph\algorithm\score\project1\x64\debug\score.tlog\link.read.4.tlog
c:\users\legion\desktop\ceph\algorithm\score\project1\x64\debug\score.tlog\link.read.5.tlog
c:\users\legion\desktop\ceph\algorithm\score\project1\x64\debug\score.tlog\link.write.1.tlog
